{"failedCount":1,"prefixedPath":"src\/test\/java\/post_tests\/post_data_driven.feature","packageQualifiedName":"src.test.java.post_tests.post_data_driven","loopIndex":-1,"relativePath":"src\/test\/java\/post_tests\/post_data_driven.feature","scenarioResults":[{"sectionIndex":3,"stepResults":[{"result":{"nanos":0,"errorMessage":"js failed:\n>>>>\n01: testData\n<<<<\norg.graalvm.polyglot.PolyglotException: ReferenceError: \"testData\" is not defined\n- <js>.:program(Unnamed:1)\n\nsrc\/test\/java\/post_tests\/post_data_driven.feature:49","millis":0.0,"status":"failed"},"step":{"endLine":0,"line":49,"prefix":"*","index":-1,"text":"src\/test\/java\/post_tests\/post_data_driven.feature[4:49] dynamic expression evaluation failed: testData"},"stepLog":"js failed:\n>>>>\n01: testData\n<<<<\norg.graalvm.polyglot.PolyglotException: ReferenceError: \"testData\" is not defined\n- <js>.:program(Unnamed:1)\n"}],"line":49,"description":"","durationMillis":0.0,"failed":true,"error":"js failed:\n>>>>\n01: testData\n<<<<\norg.graalvm.polyglot.PolyglotException: ReferenceError: \"testData\" is not defined\n- <js>.:program(Unnamed:1)\n\nsrc\/test\/java\/post_tests\/post_data_driven.feature:49","executorName":null,"name":"Data driven test with external file","startTime":0,"refId":"[4:49]","endTime":0,"exampleIndex":-1}],"callDepth":0,"name":"Create test with template","description":"","resultDate":"2023-10-09 11:23:37 AM","durationMillis":0.0,"passedCount":0}